<?xml version="1.0" encoding="UTF-8"?>
<testng-results skipped="0" failed="0" ignored="0" total="5" passed="5">
  <reporter-output>
  </reporter-output>
  <suite name="Suite" duration-ms="356317" started-at="2019-09-01T09:56:26Z" finished-at="2019-09-01T10:02:23Z">
    <groups>
    </groups>
    <test name="Test" duration-ms="356317" started-at="2019-09-01T09:56:26Z" finished-at="2019-09-01T10:02:23Z">
      <class name="org.Testing.testscripts.Subscription">
        <test-method status="PASS" signature="initialization()[pri:0, instance:org.Testing.testscripts.Subscription@cb51256]" name="initialization" is-config="true" duration-ms="25136" started-at="2019-09-01T09:57:44Z" finished-at="2019-09-01T09:58:09Z">
          <reporter-output>
          </reporter-output>
        </test-method> <!-- initialization -->
        <test-method status="PASS" signature="action()[pri:0, instance:org.Testing.testscripts.Subscription@cb51256]" name="action" duration-ms="30929" started-at="2019-09-01T09:58:09Z" finished-at="2019-09-01T09:58:40Z">
          <reporter-output>
          </reporter-output>
        </test-method> <!-- action -->
      </class> <!-- org.Testing.testscripts.Subscription -->
      <class name="org.Testing.testscripts.ChannelSubscription">
        <test-method status="PASS" signature="initialization()[pri:0, instance:org.Testing.testscripts.ChannelSubscription@5bfbf16f]" name="initialization" is-config="true" duration-ms="26807" started-at="2019-09-01T09:59:50Z" finished-at="2019-09-01T10:00:17Z">
          <reporter-output>
          </reporter-output>
        </test-method> <!-- initialization -->
        <test-method status="PASS" signature="action()[pri:0, instance:org.Testing.testscripts.ChannelSubscription@5bfbf16f]" name="action" duration-ms="27917" started-at="2019-09-01T10:00:17Z" finished-at="2019-09-01T10:00:45Z">
          <reporter-output>
          </reporter-output>
        </test-method> <!-- action -->
      </class> <!-- org.Testing.testscripts.ChannelSubscription -->
      <class name="org.Testing.testscripts.VideoPlay">
        <test-method status="PASS" signature="initialization()[pri:0, instance:org.Testing.testscripts.VideoPlay@59906517]" name="initialization" is-config="true" duration-ms="28687" started-at="2019-09-01T09:58:40Z" finished-at="2019-09-01T09:59:09Z">
          <reporter-output>
          </reporter-output>
        </test-method> <!-- initialization -->
        <test-method status="PASS" signature="action()[pri:0, instance:org.Testing.testscripts.VideoPlay@59906517]" name="action" duration-ms="41441" started-at="2019-09-01T09:59:09Z" finished-at="2019-09-01T09:59:50Z">
          <reporter-output>
          </reporter-output>
        </test-method> <!-- action -->
      </class> <!-- org.Testing.testscripts.VideoPlay -->
      <class name="org.Testing.testscripts.HistoryCheck">
        <test-method status="PASS" signature="initialization()[pri:0, instance:org.Testing.testscripts.HistoryCheck@25af5db5]" name="initialization" is-config="true" duration-ms="50438" started-at="2019-09-01T10:00:45Z" finished-at="2019-09-01T10:01:36Z">
          <reporter-output>
          </reporter-output>
        </test-method> <!-- initialization -->
        <test-method status="PASS" signature="action()[pri:0, instance:org.Testing.testscripts.HistoryCheck@25af5db5]" name="action" duration-ms="46901" started-at="2019-09-01T10:01:36Z" finished-at="2019-09-01T10:02:23Z">
          <reporter-output>
          </reporter-output>
        </test-method> <!-- action -->
      </class> <!-- org.Testing.testscripts.HistoryCheck -->
      <class name="org.Testing.testscripts.Trending">
        <test-method status="PASS" signature="initialization()[pri:0, instance:org.Testing.testscripts.Trending@6043cd28]" name="initialization" is-config="true" duration-ms="33343" started-at="2019-09-01T09:56:26Z" finished-at="2019-09-01T09:57:00Z">
          <reporter-output>
          </reporter-output>
        </test-method> <!-- initialization -->
        <test-method status="PASS" signature="action()[pri:0, instance:org.Testing.testscripts.Trending@6043cd28]" name="action" duration-ms="44515" started-at="2019-09-01T09:57:00Z" finished-at="2019-09-01T09:57:44Z">
          <reporter-output>
          </reporter-output>
        </test-method> <!-- action -->
      </class> <!-- org.Testing.testscripts.Trending -->
    </test> <!-- Test -->
  </suite> <!-- Suite -->
</testng-results>
