<?xml version="1.0" encoding="UTF-8"?>
<!-- Generated by org.testng.reporters.JUnitXMLReporter -->
<testsuite hostname="DESKTOP-UQ5ATUK" ignored="0" name="Test" tests="5" failures="0" timestamp="01 Sep 2019 10:02:42 GMT" time="356.317" errors="0">
  <testcase name="action" time="44.515" classname="org.Testing.testscripts.Trending"/>
  <testcase name="action" time="30.929" classname="org.Testing.testscripts.Subscription"/>
  <testcase name="action" time="41.441" classname="org.Testing.testscripts.VideoPlay"/>
  <testcase name="action" time="27.917" classname="org.Testing.testscripts.ChannelSubscription"/>
  <testcase name="action" time="46.901" classname="org.Testing.testscripts.HistoryCheck"/>
</testsuite> <!-- Test -->
